2024-10-02 14:45:43,032 - INFO - Simulating normal traffic with 20 requests from 5 users.
2024-10-02 14:45:44,556 - INFO - Response sent to user 0 after 1.52s: Response to user 0
2024-10-02 14:45:45,166 - INFO - Response sent to user 1 after 0.61s: Response to user 1
2024-10-02 14:45:45,868 - INFO - Response sent to user 2 after 0.70s: Response to user 2
2024-10-02 14:45:47,391 - INFO - Response sent to user 3 after 1.52s: Response to user 3
2024-10-02 14:45:49,248 - INFO - Response sent to user 4 after 1.86s: Response to user 4
2024-10-02 14:45:50,346 - INFO - Response sent to user 0 after 1.10s: Response to user 0
2024-10-02 14:45:52,267 - INFO - Response sent to user 1 after 1.92s: Response to user 1
2024-10-02 14:45:53,542 - INFO - Response sent to user 2 after 1.27s: Response to user 2
2024-10-02 14:45:54,286 - INFO - Response sent to user 3 after 0.74s: Response to user 3
2024-10-02 14:45:56,265 - INFO - Response sent to user 4 after 1.98s: Response to user 4
2024-10-02 14:45:57,573 - INFO - Response sent to user 0 after 1.31s: Response to user 0
2024-10-02 14:45:59,089 - INFO - Response sent to user 1 after 1.51s: Response to user 1
2024-10-02 14:45:59,832 - INFO - Response sent to user 2 after 0.74s: Response to user 2
2024-10-02 14:46:01,813 - INFO - Response sent to user 3 after 1.98s: Response to user 3
2024-10-02 14:46:03,159 - INFO - Response sent to user 4 after 1.35s: Response to user 4
2024-10-02 14:46:04,182 - INFO - Response sent to user 0 after 1.02s: Response to user 0
2024-10-02 14:46:05,553 - INFO - Response sent to user 1 after 1.37s: Response to user 1
2024-10-02 14:46:07,342 - INFO - Response sent to user 2 after 1.79s: Response to user 2
2024-10-02 14:46:08,246 - INFO - Response sent to user 3 after 0.90s: Response to user 3
2024-10-02 14:46:08,908 - INFO - Response sent to user 4 after 0.66s: Response to user 4
2024-10-02 14:46:08,910 - INFO - Normal traffic simulation completed.
2024-10-02 14:46:08,911 - INFO - Simulating DoS attack with 100 requests from 1 users.
2024-10-02 14:46:08,919 - INFO - Rate limit hit for user 0. Waiting for 0.5 seconds.
2024-10-02 14:46:08,921 - INFO - Rate limit hit for user 0. Waiting for 0.5 seconds.
2024-10-02 14:46:08,923 - INFO - Rate limit hit for user 0. Waiting for 0.5 seconds.
2024-10-02 14:46:08,924 - INFO - Rate limit hit for user 0. Waiting for 0.5 seconds.
2024-10-02 14:46:08,926 - INFO - Rate limit hit for user 0. Waiting for 0.5 seconds.
2024-10-02 14:46:08,928 - INFO - Rate limit hit for user 0. Waiting for 0.5 seconds.
2024-10-02 14:46:08,930 - INFO - Rate limit hit for user 0. Waiting for 0.5 seconds.
2024-10-02 14:46:08,931 - INFO - Rate limit hit for user 0. Waiting for 0.5 seconds.
2024-10-02 14:46:08,932 - INFO - Rate limit hit for user 0. Waiting for 0.5 seconds.
2024-10-02 14:46:08,934 - INFO - Rate limit hit for user 0. Waiting for 0.5 seconds.
2024-10-02 14:46:08,935 - INFO - Rate limit hit for user 0. Waiting for 0.5 seconds.
2024-10-02 14:46:08,937 - INFO - Rate limit hit for user 0. Waiting for 0.5 seconds.
2024-10-02 14:46:08,938 - INFO - Rate limit hit for user 0. Waiting for 0.5 seconds.
2024-10-02 14:46:08,941 - INFO - Rate limit hit for user 0. Waiting for 0.5 seconds.
2024-10-02 14:46:08,943 - INFO - Rate limit hit for user 0. Waiting for 0.5 seconds.
2024-10-02 14:46:08,944 - INFO - Rate limit hit for user 0. Waiting for 0.5 seconds.
2024-10-02 14:46:08,945 - INFO - Rate limit hit for user 0. Waiting for 0.5 seconds.
2024-10-02 14:46:08,946 - INFO - Rate limit hit for user 0. Waiting for 0.5 seconds.
2024-10-02 14:46:08,946 - INFO - Rate limit hit for user 0. Waiting for 0.5 seconds.
2024-10-02 14:46:08,948 - INFO - Rate limit hit for user 0. Waiting for 0.5 seconds.
2024-10-02 14:46:08,948 - INFO - Rate limit hit for user 0. Waiting for 0.5 seconds.
2024-10-02 14:46:08,949 - INFO - Rate limit hit for user 0. Waiting for 0.5 seconds.
2024-10-02 14:46:08,949 - INFO - Rate limit hit for user 0. Waiting for 0.5 seconds.
2024-10-02 14:46:08,950 - INFO - Rate limit hit for user 0. Waiting for 0.5 seconds.
2024-10-02 14:46:08,951 - INFO - Rate limit hit for user 0. Waiting for 0.5 seconds.
2024-10-02 14:46:08,952 - INFO - Rate limit hit for user 0. Waiting for 0.5 seconds.
2024-10-02 14:46:08,953 - INFO - Rate limit hit for user 0. Waiting for 0.5 seconds.
2024-10-02 14:46:08,953 - INFO - Rate limit hit for user 0. Waiting for 0.5 seconds.
2024-10-02 14:46:08,953 - INFO - Rate limit hit for user 0. Waiting for 0.5 seconds.
2024-10-02 14:46:08,955 - INFO - Rate limit hit for user 0. Waiting for 0.5 seconds.
2024-10-02 14:46:08,956 - INFO - Rate limit hit for user 0. Waiting for 0.5 seconds.
2024-10-02 14:46:08,956 - INFO - Rate limit hit for user 0. Waiting for 0.5 seconds.
2024-10-02 14:46:08,956 - INFO - Rate limit hit for user 0. Waiting for 0.5 seconds.
2024-10-02 14:46:08,957 - INFO - Rate limit hit for user 0. Waiting for 0.5 seconds.
2024-10-02 14:46:08,957 - INFO - Rate limit hit for user 0. Waiting for 0.5 seconds.
2024-10-02 14:46:08,958 - INFO - Rate limit hit for user 0. Waiting for 0.5 seconds.
2024-10-02 14:46:08,959 - INFO - Rate limit hit for user 0. Waiting for 0.5 seconds.
2024-10-02 14:46:08,959 - INFO - Rate limit hit for user 0. Waiting for 0.5 seconds.
2024-10-02 14:46:08,960 - INFO - Rate limit hit for user 0. Waiting for 0.5 seconds.
2024-10-02 14:46:08,960 - INFO - Rate limit hit for user 0. Waiting for 0.5 seconds.
2024-10-02 14:46:08,961 - INFO - Rate limit hit for user 0. Waiting for 0.5 seconds.
2024-10-02 14:46:08,961 - INFO - Rate limit hit for user 0. Waiting for 0.5 seconds.
2024-10-02 14:46:08,962 - INFO - Rate limit hit for user 0. Waiting for 0.5 seconds.
2024-10-02 14:46:08,962 - INFO - Rate limit hit for user 0. Waiting for 0.5 seconds.
2024-10-02 14:46:08,963 - INFO - Rate limit hit for user 0. Waiting for 0.5 seconds.
2024-10-02 14:46:08,963 - INFO - Rate limit hit for user 0. Waiting for 0.5 seconds.
2024-10-02 14:46:08,963 - INFO - Rate limit hit for user 0. Waiting for 0.5 seconds.
2024-10-02 14:46:08,963 - INFO - Rate limit hit for user 0. Waiting for 0.5 seconds.
2024-10-02 14:46:08,965 - INFO - Rate limit hit for user 0. Waiting for 0.5 seconds.
2024-10-02 14:46:08,965 - INFO - Rate limit hit for user 0. Waiting for 0.5 seconds.
2024-10-02 14:46:08,965 - INFO - Rate limit hit for user 0. Waiting for 0.5 seconds.
2024-10-02 14:46:08,966 - INFO - Rate limit hit for user 0. Waiting for 0.5 seconds.
2024-10-02 14:46:08,966 - INFO - Rate limit hit for user 0. Waiting for 0.5 seconds.
2024-10-02 14:46:08,966 - INFO - Rate limit hit for user 0. Waiting for 0.5 seconds.
2024-10-02 14:46:08,966 - INFO - Rate limit hit for user 0. Waiting for 0.5 seconds.
2024-10-02 14:46:08,967 - INFO - Rate limit hit for user 0. Waiting for 0.5 seconds.
2024-10-02 14:46:08,967 - INFO - Rate limit hit for user 0. Waiting for 0.5 seconds.
2024-10-02 14:46:08,967 - INFO - Rate limit hit for user 0. Waiting for 0.5 seconds.
2024-10-02 14:46:08,967 - INFO - Rate limit hit for user 0. Waiting for 0.5 seconds.
2024-10-02 14:46:08,968 - INFO - Rate limit hit for user 0. Waiting for 0.5 seconds.
2024-10-02 14:46:08,968 - INFO - Rate limit hit for user 0. Waiting for 0.5 seconds.
2024-10-02 14:46:08,968 - INFO - Rate limit hit for user 0. Waiting for 0.5 seconds.
2024-10-02 14:46:08,968 - INFO - Rate limit hit for user 0. Waiting for 0.5 seconds.
2024-10-02 14:46:08,969 - INFO - Rate limit hit for user 0. Waiting for 0.5 seconds.
2024-10-02 14:46:08,969 - INFO - Rate limit hit for user 0. Waiting for 0.5 seconds.
2024-10-02 14:46:08,969 - INFO - Rate limit hit for user 0. Waiting for 0.5 seconds.
2024-10-02 14:46:08,971 - INFO - Rate limit hit for user 0. Waiting for 0.5 seconds.
2024-10-02 14:46:08,971 - INFO - Rate limit hit for user 0. Waiting for 0.5 seconds.
2024-10-02 14:46:08,971 - INFO - Rate limit hit for user 0. Waiting for 0.5 seconds.
2024-10-02 14:46:08,971 - INFO - Rate limit hit for user 0. Waiting for 0.5 seconds.
2024-10-02 14:46:08,971 - INFO - Rate limit hit for user 0. Waiting for 0.5 seconds.
2024-10-02 14:46:08,971 - INFO - Rate limit hit for user 0. Waiting for 0.5 seconds.
2024-10-02 14:46:08,972 - INFO - Rate limit hit for user 0. Waiting for 0.5 seconds.
2024-10-02 14:46:08,972 - INFO - Rate limit hit for user 0. Waiting for 0.5 seconds.
2024-10-02 14:46:08,972 - INFO - Rate limit hit for user 0. Waiting for 0.5 seconds.
2024-10-02 14:46:08,972 - INFO - Rate limit hit for user 0. Waiting for 0.5 seconds.
2024-10-02 14:46:08,972 - INFO - Rate limit hit for user 0. Waiting for 0.5 seconds.
2024-10-02 14:46:08,973 - INFO - Rate limit hit for user 0. Waiting for 0.5 seconds.
2024-10-02 14:46:08,973 - INFO - Rate limit hit for user 0. Waiting for 0.5 seconds.
2024-10-02 14:46:08,973 - INFO - Rate limit hit for user 0. Waiting for 0.5 seconds.
2024-10-02 14:46:08,973 - INFO - Rate limit hit for user 0. Waiting for 0.5 seconds.
2024-10-02 14:46:08,974 - INFO - Rate limit hit for user 0. Waiting for 0.5 seconds.
2024-10-02 14:46:08,974 - INFO - Rate limit hit for user 0. Waiting for 0.5 seconds.
2024-10-02 14:46:08,974 - INFO - Rate limit hit for user 0. Waiting for 0.5 seconds.
2024-10-02 14:46:08,974 - INFO - Rate limit hit for user 0. Waiting for 0.5 seconds.
2024-10-02 14:46:08,976 - INFO - Rate limit hit for user 0. Waiting for 0.5 seconds.
2024-10-02 14:46:08,976 - INFO - Rate limit hit for user 0. Waiting for 0.5 seconds.
2024-10-02 14:46:08,976 - INFO - Rate limit hit for user 0. Waiting for 0.5 seconds.
2024-10-02 14:46:08,977 - INFO - Rate limit hit for user 0. Waiting for 0.5 seconds.
2024-10-02 14:46:08,977 - INFO - Rate limit hit for user 0. Waiting for 0.5 seconds.
2024-10-02 14:46:08,978 - INFO - Rate limit hit for user 0. Waiting for 0.5 seconds.
2024-10-02 14:46:08,978 - INFO - Rate limit hit for user 0. Waiting for 0.5 seconds.
2024-10-02 14:46:08,978 - INFO - Rate limit hit for user 0. Waiting for 0.5 seconds.
2024-10-02 14:46:08,978 - INFO - Rate limit hit for user 0. Waiting for 0.5 seconds.
2024-10-02 14:46:08,978 - INFO - Rate limit hit for user 0. Waiting for 0.5 seconds.
2024-10-02 14:46:09,444 - WARNING - Potential DoS attack detected from user 0. Blocking user.
2024-10-02 14:46:09,445 - WARNING - Potential DoS attack detected from user 0. Blocking user.
2024-10-02 14:46:09,446 - WARNING - Potential DoS attack detected from user 0. Blocking user.
2024-10-02 14:46:09,446 - WARNING - Potential DoS attack detected from user 0. Blocking user.
2024-10-02 14:46:09,447 - WARNING - Potential DoS attack detected from user 0. Blocking user.
2024-10-02 14:46:09,449 - WARNING - Potential DoS attack detected from user 0. Blocking user.
2024-10-02 14:46:09,449 - WARNING - Potential DoS attack detected from user 0. Blocking user.
2024-10-02 14:46:09,450 - WARNING - Potential DoS attack detected from user 0. Blocking user.
2024-10-02 14:46:09,451 - WARNING - Potential DoS attack detected from user 0. Blocking user.
2024-10-02 14:46:09,451 - WARNING - Potential DoS attack detected from user 0. Blocking user.
2024-10-02 14:46:09,452 - WARNING - Potential DoS attack detected from user 0. Blocking user.
2024-10-02 14:46:09,453 - WARNING - Potential DoS attack detected from user 0. Blocking user.
2024-10-02 14:46:09,454 - WARNING - Potential DoS attack detected from user 0. Blocking user.
2024-10-02 14:46:09,454 - WARNING - Potential DoS attack detected from user 0. Blocking user.
2024-10-02 14:46:09,455 - WARNING - Potential DoS attack detected from user 0. Blocking user.
2024-10-02 14:46:09,456 - WARNING - Potential DoS attack detected from user 0. Blocking user.
2024-10-02 14:46:09,456 - WARNING - Potential DoS attack detected from user 0. Blocking user.
2024-10-02 14:46:09,457 - WARNING - Potential DoS attack detected from user 0. Blocking user.
2024-10-02 14:46:09,458 - WARNING - Potential DoS attack detected from user 0. Blocking user.
2024-10-02 14:46:09,458 - WARNING - Potential DoS attack detected from user 0. Blocking user.
2024-10-02 14:46:09,459 - WARNING - Potential DoS attack detected from user 0. Blocking user.
2024-10-02 14:46:09,460 - WARNING - Potential DoS attack detected from user 0. Blocking user.
2024-10-02 14:46:09,460 - WARNING - Potential DoS attack detected from user 0. Blocking user.
2024-10-02 14:46:09,461 - WARNING - Potential DoS attack detected from user 0. Blocking user.
2024-10-02 14:46:09,461 - WARNING - Potential DoS attack detected from user 0. Blocking user.
2024-10-02 14:46:09,462 - WARNING - Potential DoS attack detected from user 0. Blocking user.
2024-10-02 14:46:09,463 - WARNING - Potential DoS attack detected from user 0. Blocking user.
2024-10-02 14:46:09,464 - WARNING - Potential DoS attack detected from user 0. Blocking user.
2024-10-02 14:46:09,464 - WARNING - Potential DoS attack detected from user 0. Blocking user.
2024-10-02 14:46:09,464 - WARNING - Potential DoS attack detected from user 0. Blocking user.
2024-10-02 14:46:09,464 - WARNING - Potential DoS attack detected from user 0. Blocking user.
2024-10-02 14:46:09,465 - WARNING - Potential DoS attack detected from user 0. Blocking user.
2024-10-02 14:46:09,465 - WARNING - Potential DoS attack detected from user 0. Blocking user.
2024-10-02 14:46:09,466 - WARNING - Potential DoS attack detected from user 0. Blocking user.
2024-10-02 14:46:09,467 - WARNING - Potential DoS attack detected from user 0. Blocking user.
2024-10-02 14:46:09,467 - WARNING - Potential DoS attack detected from user 0. Blocking user.
2024-10-02 14:46:09,468 - WARNING - Potential DoS attack detected from user 0. Blocking user.
2024-10-02 14:46:09,468 - WARNING - Potential DoS attack detected from user 0. Blocking user.
2024-10-02 14:46:09,468 - WARNING - Potential DoS attack detected from user 0. Blocking user.
2024-10-02 14:46:09,469 - WARNING - Potential DoS attack detected from user 0. Blocking user.
2024-10-02 14:46:09,470 - WARNING - Potential DoS attack detected from user 0. Blocking user.
2024-10-02 14:46:09,470 - WARNING - Potential DoS attack detected from user 0. Blocking user.
2024-10-02 14:46:09,470 - WARNING - Potential DoS attack detected from user 0. Blocking user.
2024-10-02 14:46:09,470 - WARNING - Potential DoS attack detected from user 0. Blocking user.
2024-10-02 14:46:09,471 - WARNING - Potential DoS attack detected from user 0. Blocking user.
2024-10-02 14:46:09,471 - WARNING - Potential DoS attack detected from user 0. Blocking user.
2024-10-02 14:46:09,471 - WARNING - Potential DoS attack detected from user 0. Blocking user.
2024-10-02 14:46:09,472 - WARNING - Potential DoS attack detected from user 0. Blocking user.
2024-10-02 14:46:09,472 - WARNING - Potential DoS attack detected from user 0. Blocking user.
2024-10-02 14:46:09,472 - WARNING - Potential DoS attack detected from user 0. Blocking user.
2024-10-02 14:46:09,472 - WARNING - Potential DoS attack detected from user 0. Blocking user.
2024-10-02 14:46:09,473 - WARNING - Potential DoS attack detected from user 0. Blocking user.
2024-10-02 14:46:09,473 - WARNING - Potential DoS attack detected from user 0. Blocking user.
2024-10-02 14:46:09,474 - WARNING - Potential DoS attack detected from user 0. Blocking user.
2024-10-02 14:46:09,474 - WARNING - Potential DoS attack detected from user 0. Blocking user.
2024-10-02 14:46:09,474 - WARNING - Potential DoS attack detected from user 0. Blocking user.
2024-10-02 14:46:09,475 - WARNING - Potential DoS attack detected from user 0. Blocking user.
2024-10-02 14:46:09,475 - WARNING - Potential DoS attack detected from user 0. Blocking user.
2024-10-02 14:46:09,475 - WARNING - Potential DoS attack detected from user 0. Blocking user.
2024-10-02 14:46:09,475 - WARNING - Potential DoS attack detected from user 0. Blocking user.
2024-10-02 14:46:09,476 - WARNING - Potential DoS attack detected from user 0. Blocking user.
2024-10-02 14:46:09,476 - WARNING - Potential DoS attack detected from user 0. Blocking user.
2024-10-02 14:46:09,476 - WARNING - Potential DoS attack detected from user 0. Blocking user.
2024-10-02 14:46:09,476 - WARNING - Potential DoS attack detected from user 0. Blocking user.
2024-10-02 14:46:09,476 - WARNING - Potential DoS attack detected from user 0. Blocking user.
2024-10-02 14:46:09,477 - WARNING - Potential DoS attack detected from user 0. Blocking user.
2024-10-02 14:46:09,477 - WARNING - Potential DoS attack detected from user 0. Blocking user.
2024-10-02 14:46:09,477 - WARNING - Potential DoS attack detected from user 0. Blocking user.
2024-10-02 14:46:09,477 - WARNING - Potential DoS attack detected from user 0. Blocking user.
2024-10-02 14:46:09,477 - WARNING - Potential DoS attack detected from user 0. Blocking user.
2024-10-02 14:46:09,478 - WARNING - Potential DoS attack detected from user 0. Blocking user.
2024-10-02 14:46:09,478 - WARNING - Potential DoS attack detected from user 0. Blocking user.
2024-10-02 14:46:09,478 - WARNING - Potential DoS attack detected from user 0. Blocking user.
2024-10-02 14:46:09,478 - WARNING - Potential DoS attack detected from user 0. Blocking user.
2024-10-02 14:46:09,479 - WARNING - Potential DoS attack detected from user 0. Blocking user.
2024-10-02 14:46:09,479 - WARNING - Potential DoS attack detected from user 0. Blocking user.
2024-10-02 14:46:09,479 - WARNING - Potential DoS attack detected from user 0. Blocking user.
2024-10-02 14:46:09,480 - WARNING - Potential DoS attack detected from user 0. Blocking user.
2024-10-02 14:46:09,480 - WARNING - Potential DoS attack detected from user 0. Blocking user.
2024-10-02 14:46:09,480 - WARNING - Potential DoS attack detected from user 0. Blocking user.
2024-10-02 14:46:09,480 - WARNING - Potential DoS attack detected from user 0. Blocking user.
2024-10-02 14:46:09,483 - INFO - Response sent to user 0 after 0.57s: Response to user 0
2024-10-02 14:46:09,797 - INFO - Response sent to user 0 after 0.88s: Response to user 0
2024-10-02 14:46:09,945 - INFO - Response sent to user 0 after 0.51s: Response to user 0
2024-10-02 14:46:09,990 - INFO - Response sent to user 0 after 0.55s: Response to user 0
2024-10-02 14:46:10,261 - INFO - Response sent to user 0 after 0.84s: Response to user 0
2024-10-02 14:46:10,379 - INFO - Response sent to user 0 after 0.95s: Response to user 0
2024-10-02 14:46:10,404 - INFO - Response sent to user 0 after 0.98s: Response to user 0
2024-10-02 14:46:10,519 - INFO - Response sent to user 0 after 1.08s: Response to user 0
2024-10-02 14:46:10,643 - INFO - Response sent to user 0 after 1.22s: Response to user 0
2024-10-02 14:46:10,753 - INFO - Response sent to user 0 after 1.32s: Response to user 0
2024-10-02 14:46:10,800 - INFO - Response sent to user 0 after 1.36s: Response to user 0
2024-10-02 14:46:10,851 - INFO - Response sent to user 0 after 1.94s: Response to user 0
2024-10-02 14:46:10,903 - INFO - Response sent to user 0 after 1.99s: Response to user 0
2024-10-02 14:46:10,915 - INFO - Response sent to user 0 after 2.00s: Response to user 0
2024-10-02 14:46:10,976 - INFO - Response sent to user 0 after 1.53s: Response to user 0
2024-10-02 14:46:11,205 - INFO - Response sent to user 0 after 1.77s: Response to user 0
2024-10-02 14:46:11,240 - INFO - Response sent to user 0 after 1.80s: Response to user 0
2024-10-02 14:46:11,316 - INFO - Response sent to user 0 after 1.89s: Response to user 0
2024-10-02 14:46:11,401 - INFO - Response sent to user 0 after 1.97s: Response to user 0
2024-10-02 14:46:11,402 - INFO - DoS attack simulation completed with 100 requests from 1 users.
2024-10-02 14:47:14,772 - INFO - Simulating DoS attack with 20 requests from 5 users.
2024-10-02 14:47:15,429 - INFO - Response sent to user 4 after 0.65s: Response to user 4
2024-10-02 14:47:15,453 - INFO - Response sent to user 0 after 0.68s: Response to user 0
2024-10-02 14:47:15,522 - INFO - Response sent to user 4 after 0.74s: Response to user 4
2024-10-02 14:47:15,525 - INFO - Response sent to user 2 after 0.75s: Response to user 2
2024-10-02 14:47:15,591 - INFO - Response sent to user 1 after 0.82s: Response to user 1
2024-10-02 14:47:15,610 - INFO - Response sent to user 3 after 0.83s: Response to user 3
2024-10-02 14:47:15,900 - INFO - Response sent to user 2 after 1.12s: Response to user 2
2024-10-02 14:47:15,946 - INFO - Response sent to user 2 after 1.17s: Response to user 2
2024-10-02 14:47:16,015 - INFO - Response sent to user 1 after 1.24s: Response to user 1
2024-10-02 14:47:16,036 - INFO - Response sent to user 4 after 1.26s: Response to user 4
2024-10-02 14:47:16,104 - INFO - Response sent to user 1 after 1.33s: Response to user 1
2024-10-02 14:47:16,252 - INFO - Response sent to user 0 after 1.47s: Response to user 0
2024-10-02 14:47:16,323 - INFO - Response sent to user 2 after 1.54s: Response to user 2
2024-10-02 14:47:16,331 - INFO - Response sent to user 1 after 1.56s: Response to user 1
2024-10-02 14:47:16,421 - INFO - Response sent to user 3 after 1.64s: Response to user 3
2024-10-02 14:47:16,427 - INFO - Response sent to user 0 after 1.65s: Response to user 0
2024-10-02 14:47:16,492 - INFO - Response sent to user 3 after 1.72s: Response to user 3
2024-10-02 14:47:16,574 - INFO - Response sent to user 0 after 1.80s: Response to user 0
2024-10-02 14:47:16,737 - INFO - Response sent to user 3 after 1.96s: Response to user 3
2024-10-02 14:47:16,738 - INFO - Response sent to user 4 after 1.96s: Response to user 4
2024-10-02 14:47:16,738 - INFO - DoS attack simulation completed with 20 requests from 5 users.
